# Logfile created on 2014-01-07 09:18:28 +0800 by logger.rb/41954
I, [2014-01-07T09:18:28.298313 #14690]  INFO -- : 0:  timers (1.1.0) from /home/hafiz/.rbenv/versions/2.0.0-p353/lib/ruby/gems/2.0.0/specifications/timers-1.1.0.gemspec
I, [2014-01-07T09:18:28.298784 #14690]  INFO -- : 0:  celluloid (0.15.2) from /home/hafiz/.rbenv/versions/2.0.0-p353/lib/ruby/gems/2.0.0/specifications/celluloid-0.15.2.gemspec
I, [2014-01-07T09:18:28.299067 #14690]  INFO -- : 0:  coderay (1.1.0) from /home/hafiz/.rbenv/versions/2.0.0-p353/lib/ruby/gems/2.0.0/specifications/coderay-1.1.0.gemspec
I, [2014-01-07T09:18:28.299334 #14690]  INFO -- : 0:  diff-lcs (1.2.5) from /home/hafiz/.rbenv/versions/2.0.0-p353/lib/ruby/gems/2.0.0/specifications/diff-lcs-1.2.5.gemspec
I, [2014-01-07T09:18:28.299598 #14690]  INFO -- : 0:  ffi (1.9.3) from /home/hafiz/.rbenv/versions/2.0.0-p353/lib/ruby/gems/2.0.0/specifications/ffi-1.9.3.gemspec
I, [2014-01-07T09:18:28.299890 #14690]  INFO -- : 0:  formatador (0.2.4) from /home/hafiz/.rbenv/versions/2.0.0-p353/lib/ruby/gems/2.0.0/specifications/formatador-0.2.4.gemspec
I, [2014-01-07T09:18:28.300159 #14690]  INFO -- : 0:  rb-fsevent (0.9.4) from /home/hafiz/.rbenv/versions/2.0.0-p353/lib/ruby/gems/2.0.0/specifications/rb-fsevent-0.9.4.gemspec
I, [2014-01-07T09:18:28.300400 #14690]  INFO -- : 0:  rb-inotify (0.9.3) from /home/hafiz/.rbenv/versions/2.0.0-p353/lib/ruby/gems/2.0.0/specifications/rb-inotify-0.9.3.gemspec
I, [2014-01-07T09:18:28.300655 #14690]  INFO -- : 0:  listen (2.4.0) from /home/hafiz/.rbenv/versions/2.0.0-p353/lib/ruby/gems/2.0.0/specifications/listen-2.4.0.gemspec
I, [2014-01-07T09:18:28.300909 #14690]  INFO -- : 0:  lumberjack (1.0.4) from /home/hafiz/.rbenv/versions/2.0.0-p353/lib/ruby/gems/2.0.0/specifications/lumberjack-1.0.4.gemspec
I, [2014-01-07T09:18:28.301161 #14690]  INFO -- : 0:  method_source (0.8.2) from /home/hafiz/.rbenv/versions/2.0.0-p353/lib/ruby/gems/2.0.0/specifications/method_source-0.8.2.gemspec
I, [2014-01-07T09:18:28.301413 #14690]  INFO -- : 0:  slop (3.4.7) from /home/hafiz/.rbenv/versions/2.0.0-p353/lib/ruby/gems/2.0.0/specifications/slop-3.4.7.gemspec
I, [2014-01-07T09:18:28.301663 #14690]  INFO -- : 0:  pry (0.9.12.4) from /home/hafiz/.rbenv/versions/2.0.0-p353/lib/ruby/gems/2.0.0/specifications/pry-0.9.12.4.gemspec
I, [2014-01-07T09:18:28.301913 #14690]  INFO -- : 0:  thor (0.18.1) from /home/hafiz/.rbenv/versions/2.0.0-p353/lib/ruby/gems/2.0.0/specifications/thor-0.18.1.gemspec
I, [2014-01-07T09:18:28.302150 #14690]  INFO -- : 0:  guard (2.2.5) from /home/hafiz/.rbenv/versions/2.0.0-p353/lib/ruby/gems/2.0.0/specifications/guard-2.2.5.gemspec
I, [2014-01-07T09:18:28.302396 #14690]  INFO -- : 0:  rspec-core (2.14.7) from /home/hafiz/.rbenv/versions/2.0.0-p353/lib/ruby/gems/2.0.0/specifications/rspec-core-2.14.7.gemspec
I, [2014-01-07T09:18:28.302653 #14690]  INFO -- : 0:  rspec-expectations (2.14.4) from /home/hafiz/.rbenv/versions/2.0.0-p353/lib/ruby/gems/2.0.0/specifications/rspec-expectations-2.14.4.gemspec
I, [2014-01-07T09:18:28.302907 #14690]  INFO -- : 0:  rspec-mocks (2.14.4) from /home/hafiz/.rbenv/versions/2.0.0-p353/lib/ruby/gems/2.0.0/specifications/rspec-mocks-2.14.4.gemspec
I, [2014-01-07T09:18:28.303154 #14690]  INFO -- : 0:  rspec (2.14.1) from /home/hafiz/.rbenv/versions/2.0.0-p353/lib/ruby/gems/2.0.0/specifications/rspec-2.14.1.gemspec
I, [2014-01-07T09:18:28.303406 #14690]  INFO -- : 0:  guard-rspec (4.2.3) from /home/hafiz/.rbenv/versions/2.0.0-p353/lib/ruby/gems/2.0.0/specifications/guard-rspec-4.2.3.gemspec
I, [2014-01-07T09:18:28.303649 #14690]  INFO -- : 0:  libnotify (0.8.2) from /home/hafiz/.rbenv/versions/2.0.0-p353/lib/ruby/gems/2.0.0/specifications/libnotify-0.8.2.gemspec
I, [2014-01-07T09:18:28.303865 #14690]  INFO -- : 0:  bundler (1.5.1) from /home/hafiz/.rbenv/versions/2.0.0-p353/lib/ruby/gems/2.0.0/specifications/bundler-1.5.1.gemspec
I, [2014-01-07T09:19:34.911048 #15373]  INFO -- : 0:  timers (1.1.0) from /home/hafiz/.rbenv/versions/2.0.0-p353/lib/ruby/gems/2.0.0/specifications/timers-1.1.0.gemspec
I, [2014-01-07T09:19:34.911487 #15373]  INFO -- : 0:  celluloid (0.15.2) from /home/hafiz/.rbenv/versions/2.0.0-p353/lib/ruby/gems/2.0.0/specifications/celluloid-0.15.2.gemspec
I, [2014-01-07T09:19:34.911812 #15373]  INFO -- : 0:  coderay (1.1.0) from /home/hafiz/.rbenv/versions/2.0.0-p353/lib/ruby/gems/2.0.0/specifications/coderay-1.1.0.gemspec
I, [2014-01-07T09:19:34.912082 #15373]  INFO -- : 0:  diff-lcs (1.2.5) from /home/hafiz/.rbenv/versions/2.0.0-p353/lib/ruby/gems/2.0.0/specifications/diff-lcs-1.2.5.gemspec
I, [2014-01-07T09:19:34.912354 #15373]  INFO -- : 0:  ffi (1.9.3) from /home/hafiz/.rbenv/versions/2.0.0-p353/lib/ruby/gems/2.0.0/specifications/ffi-1.9.3.gemspec
I, [2014-01-07T09:19:34.912620 #15373]  INFO -- : 0:  formatador (0.2.4) from /home/hafiz/.rbenv/versions/2.0.0-p353/lib/ruby/gems/2.0.0/specifications/formatador-0.2.4.gemspec
I, [2014-01-07T09:19:34.912883 #15373]  INFO -- : 0:  rb-fsevent (0.9.4) from /home/hafiz/.rbenv/versions/2.0.0-p353/lib/ruby/gems/2.0.0/specifications/rb-fsevent-0.9.4.gemspec
I, [2014-01-07T09:19:34.913145 #15373]  INFO -- : 0:  rb-inotify (0.9.3) from /home/hafiz/.rbenv/versions/2.0.0-p353/lib/ruby/gems/2.0.0/specifications/rb-inotify-0.9.3.gemspec
I, [2014-01-07T09:19:34.913416 #15373]  INFO -- : 0:  listen (2.4.0) from /home/hafiz/.rbenv/versions/2.0.0-p353/lib/ruby/gems/2.0.0/specifications/listen-2.4.0.gemspec
I, [2014-01-07T09:19:34.913684 #15373]  INFO -- : 0:  lumberjack (1.0.4) from /home/hafiz/.rbenv/versions/2.0.0-p353/lib/ruby/gems/2.0.0/specifications/lumberjack-1.0.4.gemspec
I, [2014-01-07T09:19:34.913938 #15373]  INFO -- : 0:  method_source (0.8.2) from /home/hafiz/.rbenv/versions/2.0.0-p353/lib/ruby/gems/2.0.0/specifications/method_source-0.8.2.gemspec
I, [2014-01-07T09:19:34.914196 #15373]  INFO -- : 0:  slop (3.4.7) from /home/hafiz/.rbenv/versions/2.0.0-p353/lib/ruby/gems/2.0.0/specifications/slop-3.4.7.gemspec
I, [2014-01-07T09:19:34.914448 #15373]  INFO -- : 0:  pry (0.9.12.4) from /home/hafiz/.rbenv/versions/2.0.0-p353/lib/ruby/gems/2.0.0/specifications/pry-0.9.12.4.gemspec
I, [2014-01-07T09:19:34.914700 #15373]  INFO -- : 0:  thor (0.18.1) from /home/hafiz/.rbenv/versions/2.0.0-p353/lib/ruby/gems/2.0.0/specifications/thor-0.18.1.gemspec
I, [2014-01-07T09:19:34.915030 #15373]  INFO -- : 0:  guard (2.2.5) from /home/hafiz/.rbenv/versions/2.0.0-p353/lib/ruby/gems/2.0.0/specifications/guard-2.2.5.gemspec
I, [2014-01-07T09:19:34.915294 #15373]  INFO -- : 0:  rspec-core (2.14.7) from /home/hafiz/.rbenv/versions/2.0.0-p353/lib/ruby/gems/2.0.0/specifications/rspec-core-2.14.7.gemspec
I, [2014-01-07T09:19:34.915554 #15373]  INFO -- : 0:  rspec-expectations (2.14.4) from /home/hafiz/.rbenv/versions/2.0.0-p353/lib/ruby/gems/2.0.0/specifications/rspec-expectations-2.14.4.gemspec
I, [2014-01-07T09:19:34.915804 #15373]  INFO -- : 0:  rspec-mocks (2.14.4) from /home/hafiz/.rbenv/versions/2.0.0-p353/lib/ruby/gems/2.0.0/specifications/rspec-mocks-2.14.4.gemspec
I, [2014-01-07T09:19:34.916061 #15373]  INFO -- : 0:  rspec (2.14.1) from /home/hafiz/.rbenv/versions/2.0.0-p353/lib/ruby/gems/2.0.0/specifications/rspec-2.14.1.gemspec
I, [2014-01-07T09:19:34.916315 #15373]  INFO -- : 0:  guard-rspec (4.2.3) from /home/hafiz/.rbenv/versions/2.0.0-p353/lib/ruby/gems/2.0.0/specifications/guard-rspec-4.2.3.gemspec
I, [2014-01-07T09:19:34.916566 #15373]  INFO -- : 0:  libnotify (0.8.2) from /home/hafiz/.rbenv/versions/2.0.0-p353/lib/ruby/gems/2.0.0/specifications/libnotify-0.8.2.gemspec
I, [2014-01-07T09:19:34.916794 #15373]  INFO -- : 0:  bundler (1.5.1) from /home/hafiz/.rbenv/versions/2.0.0-p353/lib/ruby/gems/2.0.0/specifications/bundler-1.5.1.gemspec
I, [2014-01-08T00:03:37.263798 #19361]  INFO -- : 0:  timers (1.1.0) from /home/hafiz/.rbenv/versions/2.0.0-p353/lib/ruby/gems/2.0.0/specifications/timers-1.1.0.gemspec
I, [2014-01-08T00:03:37.274331 #19361]  INFO -- : 0:  celluloid (0.15.2) from /home/hafiz/.rbenv/versions/2.0.0-p353/lib/ruby/gems/2.0.0/specifications/celluloid-0.15.2.gemspec
I, [2014-01-08T00:03:37.274716 #19361]  INFO -- : 0:  coderay (1.1.0) from /home/hafiz/.rbenv/versions/2.0.0-p353/lib/ruby/gems/2.0.0/specifications/coderay-1.1.0.gemspec
I, [2014-01-08T00:03:37.275045 #19361]  INFO -- : 0:  diff-lcs (1.2.5) from /home/hafiz/.rbenv/versions/2.0.0-p353/lib/ruby/gems/2.0.0/specifications/diff-lcs-1.2.5.gemspec
I, [2014-01-08T00:03:37.275324 #19361]  INFO -- : 0:  ffi (1.9.3) from /home/hafiz/.rbenv/versions/2.0.0-p353/lib/ruby/gems/2.0.0/specifications/ffi-1.9.3.gemspec
I, [2014-01-08T00:03:37.275622 #19361]  INFO -- : 0:  formatador (0.2.4) from /home/hafiz/.rbenv/versions/2.0.0-p353/lib/ruby/gems/2.0.0/specifications/formatador-0.2.4.gemspec
I, [2014-01-08T00:03:37.275974 #19361]  INFO -- : 0:  rb-fsevent (0.9.4) from /home/hafiz/.rbenv/versions/2.0.0-p353/lib/ruby/gems/2.0.0/specifications/rb-fsevent-0.9.4.gemspec
I, [2014-01-08T00:03:37.276258 #19361]  INFO -- : 0:  rb-inotify (0.9.3) from /home/hafiz/.rbenv/versions/2.0.0-p353/lib/ruby/gems/2.0.0/specifications/rb-inotify-0.9.3.gemspec
I, [2014-01-08T00:03:37.276543 #19361]  INFO -- : 0:  listen (2.4.0) from /home/hafiz/.rbenv/versions/2.0.0-p353/lib/ruby/gems/2.0.0/specifications/listen-2.4.0.gemspec
I, [2014-01-08T00:03:37.276834 #19361]  INFO -- : 0:  lumberjack (1.0.4) from /home/hafiz/.rbenv/versions/2.0.0-p353/lib/ruby/gems/2.0.0/specifications/lumberjack-1.0.4.gemspec
I, [2014-01-08T00:03:37.277115 #19361]  INFO -- : 0:  method_source (0.8.2) from /home/hafiz/.rbenv/versions/2.0.0-p353/lib/ruby/gems/2.0.0/specifications/method_source-0.8.2.gemspec
I, [2014-01-08T00:03:37.277383 #19361]  INFO -- : 0:  slop (3.4.7) from /home/hafiz/.rbenv/versions/2.0.0-p353/lib/ruby/gems/2.0.0/specifications/slop-3.4.7.gemspec
I, [2014-01-08T00:03:37.277662 #19361]  INFO -- : 0:  pry (0.9.12.4) from /home/hafiz/.rbenv/versions/2.0.0-p353/lib/ruby/gems/2.0.0/specifications/pry-0.9.12.4.gemspec
I, [2014-01-08T00:03:37.277937 #19361]  INFO -- : 0:  thor (0.18.1) from /home/hafiz/.rbenv/versions/2.0.0-p353/lib/ruby/gems/2.0.0/specifications/thor-0.18.1.gemspec
I, [2014-01-08T00:03:37.278334 #19361]  INFO -- : 0:  guard (2.2.5) from /home/hafiz/.rbenv/versions/2.0.0-p353/lib/ruby/gems/2.0.0/specifications/guard-2.2.5.gemspec
I, [2014-01-08T00:03:37.278709 #19361]  INFO -- : 0:  rspec-core (2.14.7) from /home/hafiz/.rbenv/versions/2.0.0-p353/lib/ruby/gems/2.0.0/specifications/rspec-core-2.14.7.gemspec
I, [2014-01-08T00:03:37.279004 #19361]  INFO -- : 0:  rspec-expectations (2.14.4) from /home/hafiz/.rbenv/versions/2.0.0-p353/lib/ruby/gems/2.0.0/specifications/rspec-expectations-2.14.4.gemspec
I, [2014-01-08T00:03:37.279290 #19361]  INFO -- : 0:  rspec-mocks (2.14.4) from /home/hafiz/.rbenv/versions/2.0.0-p353/lib/ruby/gems/2.0.0/specifications/rspec-mocks-2.14.4.gemspec
I, [2014-01-08T00:03:37.279562 #19361]  INFO -- : 0:  rspec (2.14.1) from /home/hafiz/.rbenv/versions/2.0.0-p353/lib/ruby/gems/2.0.0/specifications/rspec-2.14.1.gemspec
I, [2014-01-08T00:03:37.286946 #19361]  INFO -- : 0:  guard-rspec (4.2.3) from /home/hafiz/.rbenv/versions/2.0.0-p353/lib/ruby/gems/2.0.0/specifications/guard-rspec-4.2.3.gemspec
I, [2014-01-08T00:03:37.287294 #19361]  INFO -- : 0:  libnotify (0.8.2) from /home/hafiz/.rbenv/versions/2.0.0-p353/lib/ruby/gems/2.0.0/specifications/libnotify-0.8.2.gemspec
I, [2014-01-08T00:03:37.287565 #19361]  INFO -- : 0:  bundler (1.5.1) from /home/hafiz/.rbenv/versions/2.0.0-p353/lib/ruby/gems/2.0.0/specifications/bundler-1.5.1.gemspec
I, [2014-01-08T00:07:44.123802 #23789]  INFO -- : 0:  timers (1.1.0) from /home/hafiz/.rbenv/versions/2.0.0-p353/lib/ruby/gems/2.0.0/specifications/timers-1.1.0.gemspec
I, [2014-01-08T00:07:44.124262 #23789]  INFO -- : 0:  celluloid (0.15.2) from /home/hafiz/.rbenv/versions/2.0.0-p353/lib/ruby/gems/2.0.0/specifications/celluloid-0.15.2.gemspec
I, [2014-01-08T00:07:44.124541 #23789]  INFO -- : 0:  coderay (1.1.0) from /home/hafiz/.rbenv/versions/2.0.0-p353/lib/ruby/gems/2.0.0/specifications/coderay-1.1.0.gemspec
I, [2014-01-08T00:07:44.124814 #23789]  INFO -- : 0:  diff-lcs (1.2.5) from /home/hafiz/.rbenv/versions/2.0.0-p353/lib/ruby/gems/2.0.0/specifications/diff-lcs-1.2.5.gemspec
I, [2014-01-08T00:07:44.125080 #23789]  INFO -- : 0:  ffi (1.9.3) from /home/hafiz/.rbenv/versions/2.0.0-p353/lib/ruby/gems/2.0.0/specifications/ffi-1.9.3.gemspec
I, [2014-01-08T00:07:44.125356 #23789]  INFO -- : 0:  formatador (0.2.4) from /home/hafiz/.rbenv/versions/2.0.0-p353/lib/ruby/gems/2.0.0/specifications/formatador-0.2.4.gemspec
I, [2014-01-08T00:07:44.125645 #23789]  INFO -- : 0:  rb-fsevent (0.9.4) from /home/hafiz/.rbenv/versions/2.0.0-p353/lib/ruby/gems/2.0.0/specifications/rb-fsevent-0.9.4.gemspec
I, [2014-01-08T00:07:44.125902 #23789]  INFO -- : 0:  rb-inotify (0.9.3) from /home/hafiz/.rbenv/versions/2.0.0-p353/lib/ruby/gems/2.0.0/specifications/rb-inotify-0.9.3.gemspec
I, [2014-01-08T00:07:44.126161 #23789]  INFO -- : 0:  listen (2.4.0) from /home/hafiz/.rbenv/versions/2.0.0-p353/lib/ruby/gems/2.0.0/specifications/listen-2.4.0.gemspec
I, [2014-01-08T00:07:44.126422 #23789]  INFO -- : 0:  lumberjack (1.0.4) from /home/hafiz/.rbenv/versions/2.0.0-p353/lib/ruby/gems/2.0.0/specifications/lumberjack-1.0.4.gemspec
I, [2014-01-08T00:07:44.126672 #23789]  INFO -- : 0:  method_source (0.8.2) from /home/hafiz/.rbenv/versions/2.0.0-p353/lib/ruby/gems/2.0.0/specifications/method_source-0.8.2.gemspec
I, [2014-01-08T00:07:44.126929 #23789]  INFO -- : 0:  slop (3.4.7) from /home/hafiz/.rbenv/versions/2.0.0-p353/lib/ruby/gems/2.0.0/specifications/slop-3.4.7.gemspec
I, [2014-01-08T00:07:44.127186 #23789]  INFO -- : 0:  pry (0.9.12.4) from /home/hafiz/.rbenv/versions/2.0.0-p353/lib/ruby/gems/2.0.0/specifications/pry-0.9.12.4.gemspec
I, [2014-01-08T00:07:44.127443 #23789]  INFO -- : 0:  thor (0.18.1) from /home/hafiz/.rbenv/versions/2.0.0-p353/lib/ruby/gems/2.0.0/specifications/thor-0.18.1.gemspec
I, [2014-01-08T00:07:44.127714 #23789]  INFO -- : 0:  guard (2.2.5) from /home/hafiz/.rbenv/versions/2.0.0-p353/lib/ruby/gems/2.0.0/specifications/guard-2.2.5.gemspec
I, [2014-01-08T00:07:44.127973 #23789]  INFO -- : 0:  rspec-core (2.14.7) from /home/hafiz/.rbenv/versions/2.0.0-p353/lib/ruby/gems/2.0.0/specifications/rspec-core-2.14.7.gemspec
I, [2014-01-08T00:07:44.128232 #23789]  INFO -- : 0:  rspec-expectations (2.14.4) from /home/hafiz/.rbenv/versions/2.0.0-p353/lib/ruby/gems/2.0.0/specifications/rspec-expectations-2.14.4.gemspec
I, [2014-01-08T00:07:44.128477 #23789]  INFO -- : 0:  rspec-mocks (2.14.4) from /home/hafiz/.rbenv/versions/2.0.0-p353/lib/ruby/gems/2.0.0/specifications/rspec-mocks-2.14.4.gemspec
I, [2014-01-08T00:07:44.128730 #23789]  INFO -- : 0:  rspec (2.14.1) from /home/hafiz/.rbenv/versions/2.0.0-p353/lib/ruby/gems/2.0.0/specifications/rspec-2.14.1.gemspec
I, [2014-01-08T00:07:44.128985 #23789]  INFO -- : 0:  guard-rspec (4.2.3) from /home/hafiz/.rbenv/versions/2.0.0-p353/lib/ruby/gems/2.0.0/specifications/guard-rspec-4.2.3.gemspec
I, [2014-01-08T00:07:44.129235 #23789]  INFO -- : 0:  libnotify (0.8.2) from /home/hafiz/.rbenv/versions/2.0.0-p353/lib/ruby/gems/2.0.0/specifications/libnotify-0.8.2.gemspec
I, [2014-01-08T00:07:44.129462 #23789]  INFO -- : 0:  bundler (1.5.1) from /home/hafiz/.rbenv/versions/2.0.0-p353/lib/ruby/gems/2.0.0/specifications/bundler-1.5.1.gemspec
I, [2014-01-08T00:13:59.316149 #31533]  INFO -- : 0:  timers (1.1.0) from /home/hafiz/.rbenv/versions/2.0.0-p353/lib/ruby/gems/2.0.0/specifications/timers-1.1.0.gemspec
I, [2014-01-08T00:13:59.316609 #31533]  INFO -- : 0:  celluloid (0.15.2) from /home/hafiz/.rbenv/versions/2.0.0-p353/lib/ruby/gems/2.0.0/specifications/celluloid-0.15.2.gemspec
I, [2014-01-08T00:13:59.316897 #31533]  INFO -- : 0:  coderay (1.1.0) from /home/hafiz/.rbenv/versions/2.0.0-p353/lib/ruby/gems/2.0.0/specifications/coderay-1.1.0.gemspec
I, [2014-01-08T00:13:59.317171 #31533]  INFO -- : 0:  diff-lcs (1.2.5) from /home/hafiz/.rbenv/versions/2.0.0-p353/lib/ruby/gems/2.0.0/specifications/diff-lcs-1.2.5.gemspec
I, [2014-01-08T00:13:59.317438 #31533]  INFO -- : 0:  ffi (1.9.3) from /home/hafiz/.rbenv/versions/2.0.0-p353/lib/ruby/gems/2.0.0/specifications/ffi-1.9.3.gemspec
I, [2014-01-08T00:13:59.317717 #31533]  INFO -- : 0:  formatador (0.2.4) from /home/hafiz/.rbenv/versions/2.0.0-p353/lib/ruby/gems/2.0.0/specifications/formatador-0.2.4.gemspec
I, [2014-01-08T00:13:59.317972 #31533]  INFO -- : 0:  rb-fsevent (0.9.4) from /home/hafiz/.rbenv/versions/2.0.0-p353/lib/ruby/gems/2.0.0/specifications/rb-fsevent-0.9.4.gemspec
I, [2014-01-08T00:13:59.318227 #31533]  INFO -- : 0:  rb-inotify (0.9.3) from /home/hafiz/.rbenv/versions/2.0.0-p353/lib/ruby/gems/2.0.0/specifications/rb-inotify-0.9.3.gemspec
I, [2014-01-08T00:13:59.318483 #31533]  INFO -- : 0:  listen (2.4.0) from /home/hafiz/.rbenv/versions/2.0.0-p353/lib/ruby/gems/2.0.0/specifications/listen-2.4.0.gemspec
I, [2014-01-08T00:13:59.318765 #31533]  INFO -- : 0:  lumberjack (1.0.4) from /home/hafiz/.rbenv/versions/2.0.0-p353/lib/ruby/gems/2.0.0/specifications/lumberjack-1.0.4.gemspec
I, [2014-01-08T00:13:59.319028 #31533]  INFO -- : 0:  method_source (0.8.2) from /home/hafiz/.rbenv/versions/2.0.0-p353/lib/ruby/gems/2.0.0/specifications/method_source-0.8.2.gemspec
I, [2014-01-08T00:13:59.319284 #31533]  INFO -- : 0:  slop (3.4.7) from /home/hafiz/.rbenv/versions/2.0.0-p353/lib/ruby/gems/2.0.0/specifications/slop-3.4.7.gemspec
I, [2014-01-08T00:13:59.319537 #31533]  INFO -- : 0:  pry (0.9.12.4) from /home/hafiz/.rbenv/versions/2.0.0-p353/lib/ruby/gems/2.0.0/specifications/pry-0.9.12.4.gemspec
I, [2014-01-08T00:13:59.319796 #31533]  INFO -- : 0:  thor (0.18.1) from /home/hafiz/.rbenv/versions/2.0.0-p353/lib/ruby/gems/2.0.0/specifications/thor-0.18.1.gemspec
I, [2014-01-08T00:13:59.320054 #31533]  INFO -- : 0:  guard (2.2.5) from /home/hafiz/.rbenv/versions/2.0.0-p353/lib/ruby/gems/2.0.0/specifications/guard-2.2.5.gemspec
I, [2014-01-08T00:13:59.320314 #31533]  INFO -- : 0:  rspec-core (2.14.7) from /home/hafiz/.rbenv/versions/2.0.0-p353/lib/ruby/gems/2.0.0/specifications/rspec-core-2.14.7.gemspec
I, [2014-01-08T00:13:59.320573 #31533]  INFO -- : 0:  rspec-expectations (2.14.4) from /home/hafiz/.rbenv/versions/2.0.0-p353/lib/ruby/gems/2.0.0/specifications/rspec-expectations-2.14.4.gemspec
I, [2014-01-08T00:13:59.320829 #31533]  INFO -- : 0:  rspec-mocks (2.14.4) from /home/hafiz/.rbenv/versions/2.0.0-p353/lib/ruby/gems/2.0.0/specifications/rspec-mocks-2.14.4.gemspec
I, [2014-01-08T00:13:59.321081 #31533]  INFO -- : 0:  rspec (2.14.1) from /home/hafiz/.rbenv/versions/2.0.0-p353/lib/ruby/gems/2.0.0/specifications/rspec-2.14.1.gemspec
I, [2014-01-08T00:13:59.321335 #31533]  INFO -- : 0:  guard-rspec (4.2.3) from /home/hafiz/.rbenv/versions/2.0.0-p353/lib/ruby/gems/2.0.0/specifications/guard-rspec-4.2.3.gemspec
I, [2014-01-08T00:13:59.321577 #31533]  INFO -- : 0:  libnotify (0.8.2) from /home/hafiz/.rbenv/versions/2.0.0-p353/lib/ruby/gems/2.0.0/specifications/libnotify-0.8.2.gemspec
I, [2014-01-08T00:13:59.328842 #31533]  INFO -- : 0:  bundler (1.5.1) from /home/hafiz/.rbenv/versions/2.0.0-p353/lib/ruby/gems/2.0.0/specifications/bundler-1.5.1.gemspec
I, [2014-01-08T00:18:29.450060 #4030]  INFO -- : 0:  timers (1.1.0) from /home/hafiz/.rbenv/versions/2.0.0-p353/lib/ruby/gems/2.0.0/specifications/timers-1.1.0.gemspec
I, [2014-01-08T00:18:29.450513 #4030]  INFO -- : 0:  celluloid (0.15.2) from /home/hafiz/.rbenv/versions/2.0.0-p353/lib/ruby/gems/2.0.0/specifications/celluloid-0.15.2.gemspec
I, [2014-01-08T00:18:29.450803 #4030]  INFO -- : 0:  coderay (1.1.0) from /home/hafiz/.rbenv/versions/2.0.0-p353/lib/ruby/gems/2.0.0/specifications/coderay-1.1.0.gemspec
I, [2014-01-08T00:18:29.451075 #4030]  INFO -- : 0:  diff-lcs (1.2.5) from /home/hafiz/.rbenv/versions/2.0.0-p353/lib/ruby/gems/2.0.0/specifications/diff-lcs-1.2.5.gemspec
I, [2014-01-08T00:18:29.451338 #4030]  INFO -- : 0:  ffi (1.9.3) from /home/hafiz/.rbenv/versions/2.0.0-p353/lib/ruby/gems/2.0.0/specifications/ffi-1.9.3.gemspec
I, [2014-01-08T00:18:29.451603 #4030]  INFO -- : 0:  formatador (0.2.4) from /home/hafiz/.rbenv/versions/2.0.0-p353/lib/ruby/gems/2.0.0/specifications/formatador-0.2.4.gemspec
I, [2014-01-08T00:18:29.451922 #4030]  INFO -- : 0:  rb-fsevent (0.9.4) from /home/hafiz/.rbenv/versions/2.0.0-p353/lib/ruby/gems/2.0.0/specifications/rb-fsevent-0.9.4.gemspec
I, [2014-01-08T00:18:29.452197 #4030]  INFO -- : 0:  rb-inotify (0.9.3) from /home/hafiz/.rbenv/versions/2.0.0-p353/lib/ruby/gems/2.0.0/specifications/rb-inotify-0.9.3.gemspec
I, [2014-01-08T00:18:29.452474 #4030]  INFO -- : 0:  listen (2.4.0) from /home/hafiz/.rbenv/versions/2.0.0-p353/lib/ruby/gems/2.0.0/specifications/listen-2.4.0.gemspec
I, [2014-01-08T00:18:29.452754 #4030]  INFO -- : 0:  lumberjack (1.0.4) from /home/hafiz/.rbenv/versions/2.0.0-p353/lib/ruby/gems/2.0.0/specifications/lumberjack-1.0.4.gemspec
I, [2014-01-08T00:18:29.453013 #4030]  INFO -- : 0:  method_source (0.8.2) from /home/hafiz/.rbenv/versions/2.0.0-p353/lib/ruby/gems/2.0.0/specifications/method_source-0.8.2.gemspec
I, [2014-01-08T00:18:29.453270 #4030]  INFO -- : 0:  slop (3.4.7) from /home/hafiz/.rbenv/versions/2.0.0-p353/lib/ruby/gems/2.0.0/specifications/slop-3.4.7.gemspec
I, [2014-01-08T00:18:29.453527 #4030]  INFO -- : 0:  pry (0.9.12.4) from /home/hafiz/.rbenv/versions/2.0.0-p353/lib/ruby/gems/2.0.0/specifications/pry-0.9.12.4.gemspec
I, [2014-01-08T00:18:29.453782 #4030]  INFO -- : 0:  thor (0.18.1) from /home/hafiz/.rbenv/versions/2.0.0-p353/lib/ruby/gems/2.0.0/specifications/thor-0.18.1.gemspec
I, [2014-01-08T00:18:29.454028 #4030]  INFO -- : 0:  guard (2.2.5) from /home/hafiz/.rbenv/versions/2.0.0-p353/lib/ruby/gems/2.0.0/specifications/guard-2.2.5.gemspec
I, [2014-01-08T00:18:29.454285 #4030]  INFO -- : 0:  rspec-core (2.14.7) from /home/hafiz/.rbenv/versions/2.0.0-p353/lib/ruby/gems/2.0.0/specifications/rspec-core-2.14.7.gemspec
I, [2014-01-08T00:18:29.454543 #4030]  INFO -- : 0:  rspec-expectations (2.14.4) from /home/hafiz/.rbenv/versions/2.0.0-p353/lib/ruby/gems/2.0.0/specifications/rspec-expectations-2.14.4.gemspec
I, [2014-01-08T00:18:29.454799 #4030]  INFO -- : 0:  rspec-mocks (2.14.4) from /home/hafiz/.rbenv/versions/2.0.0-p353/lib/ruby/gems/2.0.0/specifications/rspec-mocks-2.14.4.gemspec
I, [2014-01-08T00:18:29.455051 #4030]  INFO -- : 0:  rspec (2.14.1) from /home/hafiz/.rbenv/versions/2.0.0-p353/lib/ruby/gems/2.0.0/specifications/rspec-2.14.1.gemspec
I, [2014-01-08T00:18:29.455308 #4030]  INFO -- : 0:  guard-rspec (4.2.3) from /home/hafiz/.rbenv/versions/2.0.0-p353/lib/ruby/gems/2.0.0/specifications/guard-rspec-4.2.3.gemspec
I, [2014-01-08T00:18:29.455554 #4030]  INFO -- : 0:  libnotify (0.8.2) from /home/hafiz/.rbenv/versions/2.0.0-p353/lib/ruby/gems/2.0.0/specifications/libnotify-0.8.2.gemspec
I, [2014-01-08T00:18:29.455780 #4030]  INFO -- : 0:  bundler (1.5.1) from /home/hafiz/.rbenv/versions/2.0.0-p353/lib/ruby/gems/2.0.0/specifications/bundler-1.5.1.gemspec
I, [2014-01-08T00:30:37.881115 #18686]  INFO -- : 0:  timers (1.1.0) from /home/hafiz/.rbenv/versions/2.0.0-p353/lib/ruby/gems/2.0.0/specifications/timers-1.1.0.gemspec
I, [2014-01-08T00:30:37.881558 #18686]  INFO -- : 0:  celluloid (0.15.2) from /home/hafiz/.rbenv/versions/2.0.0-p353/lib/ruby/gems/2.0.0/specifications/celluloid-0.15.2.gemspec
I, [2014-01-08T00:30:37.881842 #18686]  INFO -- : 0:  coderay (1.1.0) from /home/hafiz/.rbenv/versions/2.0.0-p353/lib/ruby/gems/2.0.0/specifications/coderay-1.1.0.gemspec
I, [2014-01-08T00:30:37.882109 #18686]  INFO -- : 0:  diff-lcs (1.2.5) from /home/hafiz/.rbenv/versions/2.0.0-p353/lib/ruby/gems/2.0.0/specifications/diff-lcs-1.2.5.gemspec
I, [2014-01-08T00:30:37.882362 #18686]  INFO -- : 0:  ffi (1.9.3) from /home/hafiz/.rbenv/versions/2.0.0-p353/lib/ruby/gems/2.0.0/specifications/ffi-1.9.3.gemspec
I, [2014-01-08T00:30:37.882621 #18686]  INFO -- : 0:  formatador (0.2.4) from /home/hafiz/.rbenv/versions/2.0.0-p353/lib/ruby/gems/2.0.0/specifications/formatador-0.2.4.gemspec
I, [2014-01-08T00:30:37.882899 #18686]  INFO -- : 0:  rb-fsevent (0.9.4) from /home/hafiz/.rbenv/versions/2.0.0-p353/lib/ruby/gems/2.0.0/specifications/rb-fsevent-0.9.4.gemspec
I, [2014-01-08T00:30:37.883158 #18686]  INFO -- : 0:  rb-inotify (0.9.3) from /home/hafiz/.rbenv/versions/2.0.0-p353/lib/ruby/gems/2.0.0/specifications/rb-inotify-0.9.3.gemspec
I, [2014-01-08T00:30:37.883421 #18686]  INFO -- : 0:  listen (2.4.0) from /home/hafiz/.rbenv/versions/2.0.0-p353/lib/ruby/gems/2.0.0/specifications/listen-2.4.0.gemspec
I, [2014-01-08T00:30:37.883709 #18686]  INFO -- : 0:  lumberjack (1.0.4) from /home/hafiz/.rbenv/versions/2.0.0-p353/lib/ruby/gems/2.0.0/specifications/lumberjack-1.0.4.gemspec
I, [2014-01-08T00:30:37.883962 #18686]  INFO -- : 0:  method_source (0.8.2) from /home/hafiz/.rbenv/versions/2.0.0-p353/lib/ruby/gems/2.0.0/specifications/method_source-0.8.2.gemspec
I, [2014-01-08T00:30:37.884204 #18686]  INFO -- : 0:  slop (3.4.7) from /home/hafiz/.rbenv/versions/2.0.0-p353/lib/ruby/gems/2.0.0/specifications/slop-3.4.7.gemspec
I, [2014-01-08T00:30:37.884461 #18686]  INFO -- : 0:  pry (0.9.12.4) from /home/hafiz/.rbenv/versions/2.0.0-p353/lib/ruby/gems/2.0.0/specifications/pry-0.9.12.4.gemspec
I, [2014-01-08T00:30:37.884713 #18686]  INFO -- : 0:  thor (0.18.1) from /home/hafiz/.rbenv/versions/2.0.0-p353/lib/ruby/gems/2.0.0/specifications/thor-0.18.1.gemspec
I, [2014-01-08T00:30:37.884963 #18686]  INFO -- : 0:  guard (2.2.5) from /home/hafiz/.rbenv/versions/2.0.0-p353/lib/ruby/gems/2.0.0/specifications/guard-2.2.5.gemspec
I, [2014-01-08T00:30:37.885214 #18686]  INFO -- : 0:  rspec-core (2.14.7) from /home/hafiz/.rbenv/versions/2.0.0-p353/lib/ruby/gems/2.0.0/specifications/rspec-core-2.14.7.gemspec
I, [2014-01-08T00:30:37.885466 #18686]  INFO -- : 0:  rspec-expectations (2.14.4) from /home/hafiz/.rbenv/versions/2.0.0-p353/lib/ruby/gems/2.0.0/specifications/rspec-expectations-2.14.4.gemspec
I, [2014-01-08T00:30:37.885715 #18686]  INFO -- : 0:  rspec-mocks (2.14.4) from /home/hafiz/.rbenv/versions/2.0.0-p353/lib/ruby/gems/2.0.0/specifications/rspec-mocks-2.14.4.gemspec
I, [2014-01-08T00:30:37.885953 #18686]  INFO -- : 0:  rspec (2.14.1) from /home/hafiz/.rbenv/versions/2.0.0-p353/lib/ruby/gems/2.0.0/specifications/rspec-2.14.1.gemspec
I, [2014-01-08T00:30:37.886198 #18686]  INFO -- : 0:  guard-rspec (4.2.3) from /home/hafiz/.rbenv/versions/2.0.0-p353/lib/ruby/gems/2.0.0/specifications/guard-rspec-4.2.3.gemspec
I, [2014-01-08T00:30:42.363932 #18686]  INFO -- : 0:  libnotify (0.8.0) from /home/hafiz/.rbenv/versions/2.0.0-p353/lib/ruby/gems/2.0.0/specifications/libnotify-0.8.0.gemspec
I, [2014-01-08T00:30:42.364396 #18686]  INFO -- : 0:  bundler (1.5.1) from /home/hafiz/.rbenv/versions/2.0.0-p353/lib/ruby/gems/2.0.0/specifications/bundler-1.5.1.gemspec
I, [2014-01-08T00:34:26.269094 #23039]  INFO -- : 0:  timers (1.1.0) from /home/hafiz/.rbenv/versions/2.0.0-p353/lib/ruby/gems/2.0.0/specifications/timers-1.1.0.gemspec
I, [2014-01-08T00:34:26.269537 #23039]  INFO -- : 0:  celluloid (0.15.2) from /home/hafiz/.rbenv/versions/2.0.0-p353/lib/ruby/gems/2.0.0/specifications/celluloid-0.15.2.gemspec
I, [2014-01-08T00:34:26.269832 #23039]  INFO -- : 0:  coderay (1.1.0) from /home/hafiz/.rbenv/versions/2.0.0-p353/lib/ruby/gems/2.0.0/specifications/coderay-1.1.0.gemspec
I, [2014-01-08T00:34:26.270108 #23039]  INFO -- : 0:  diff-lcs (1.2.5) from /home/hafiz/.rbenv/versions/2.0.0-p353/lib/ruby/gems/2.0.0/specifications/diff-lcs-1.2.5.gemspec
I, [2014-01-08T00:34:26.270382 #23039]  INFO -- : 0:  ffi (1.9.3) from /home/hafiz/.rbenv/versions/2.0.0-p353/lib/ruby/gems/2.0.0/specifications/ffi-1.9.3.gemspec
I, [2014-01-08T00:34:26.270655 #23039]  INFO -- : 0:  formatador (0.2.4) from /home/hafiz/.rbenv/versions/2.0.0-p353/lib/ruby/gems/2.0.0/specifications/formatador-0.2.4.gemspec
I, [2014-01-08T00:34:26.270925 #23039]  INFO -- : 0:  rb-fsevent (0.9.4) from /home/hafiz/.rbenv/versions/2.0.0-p353/lib/ruby/gems/2.0.0/specifications/rb-fsevent-0.9.4.gemspec
I, [2014-01-08T00:34:26.271212 #23039]  INFO -- : 0:  rb-inotify (0.9.3) from /home/hafiz/.rbenv/versions/2.0.0-p353/lib/ruby/gems/2.0.0/specifications/rb-inotify-0.9.3.gemspec
I, [2014-01-08T00:34:26.271479 #23039]  INFO -- : 0:  listen (2.4.0) from /home/hafiz/.rbenv/versions/2.0.0-p353/lib/ruby/gems/2.0.0/specifications/listen-2.4.0.gemspec
I, [2014-01-08T00:34:26.271753 #23039]  INFO -- : 0:  lumberjack (1.0.4) from /home/hafiz/.rbenv/versions/2.0.0-p353/lib/ruby/gems/2.0.0/specifications/lumberjack-1.0.4.gemspec
I, [2014-01-08T00:34:26.272018 #23039]  INFO -- : 0:  method_source (0.8.2) from /home/hafiz/.rbenv/versions/2.0.0-p353/lib/ruby/gems/2.0.0/specifications/method_source-0.8.2.gemspec
I, [2014-01-08T00:34:26.272292 #23039]  INFO -- : 0:  slop (3.4.7) from /home/hafiz/.rbenv/versions/2.0.0-p353/lib/ruby/gems/2.0.0/specifications/slop-3.4.7.gemspec
I, [2014-01-08T00:34:26.272554 #23039]  INFO -- : 0:  pry (0.9.12.4) from /home/hafiz/.rbenv/versions/2.0.0-p353/lib/ruby/gems/2.0.0/specifications/pry-0.9.12.4.gemspec
I, [2014-01-08T00:34:26.272814 #23039]  INFO -- : 0:  thor (0.18.1) from /home/hafiz/.rbenv/versions/2.0.0-p353/lib/ruby/gems/2.0.0/specifications/thor-0.18.1.gemspec
I, [2014-01-08T00:34:26.273074 #23039]  INFO -- : 0:  guard (2.2.5) from /home/hafiz/.rbenv/versions/2.0.0-p353/lib/ruby/gems/2.0.0/specifications/guard-2.2.5.gemspec
I, [2014-01-08T00:34:26.273340 #23039]  INFO -- : 0:  rspec-core (2.14.7) from /home/hafiz/.rbenv/versions/2.0.0-p353/lib/ruby/gems/2.0.0/specifications/rspec-core-2.14.7.gemspec
I, [2014-01-08T00:34:26.273604 #23039]  INFO -- : 0:  rspec-expectations (2.14.4) from /home/hafiz/.rbenv/versions/2.0.0-p353/lib/ruby/gems/2.0.0/specifications/rspec-expectations-2.14.4.gemspec
I, [2014-01-08T00:34:26.273868 #23039]  INFO -- : 0:  rspec-mocks (2.14.4) from /home/hafiz/.rbenv/versions/2.0.0-p353/lib/ruby/gems/2.0.0/specifications/rspec-mocks-2.14.4.gemspec
I, [2014-01-08T00:34:26.274132 #23039]  INFO -- : 0:  rspec (2.14.1) from /home/hafiz/.rbenv/versions/2.0.0-p353/lib/ruby/gems/2.0.0/specifications/rspec-2.14.1.gemspec
I, [2014-01-08T00:34:26.274392 #23039]  INFO -- : 0:  guard-rspec (4.2.3) from /home/hafiz/.rbenv/versions/2.0.0-p353/lib/ruby/gems/2.0.0/specifications/guard-rspec-4.2.3.gemspec
I, [2014-01-08T00:34:29.707033 #23039]  INFO -- : 0:  libnotify (0.8.0) from /home/hafiz/.rbenv/versions/2.0.0-p353/lib/ruby/gems/2.0.0/specifications/libnotify-0.8.0.gemspec
I, [2014-01-08T00:34:29.707434 #23039]  INFO -- : 0:  bundler (1.5.1) from /home/hafiz/.rbenv/versions/2.0.0-p353/lib/ruby/gems/2.0.0/specifications/bundler-1.5.1.gemspec
